app-attacker/build/intermediates/manifest_merge_blame_file/debug/processDebugMainManifest/manifest-merger-blame-debug-report.txt
1<?xml version="1.0" encoding="utf-8"?>
2<!--
3    app-attacker: Simulated Malicious Third-Party Application
4    Package: com.hasantuncay.mobsec.attacker
5
6    EDUCATIONAL PURPOSE:
7    This application simulates a malicious app installed on the same device as the
8    victim application (app-vulnerable). It demonstrates real-world IPC exploitation
9    techniques used by adversaries to steal sensitive data from misconfigured apps.
10
11    CURRENT EXPLOIT COVERAGE:
12    - MASWE-0002 / Vector 4: FileProvider <root-path> exploitation via content:// URI
13
14    FUTURE EXPLOIT COVERAGE (extensible architecture):
15    - Exported ContentProvider exploitation (MASWE-0064)
16    - Exported Activity data interception
17    - Broadcast snooping
18    - Intent sniffing
19
20    NOTE: This app does NOT need any dangerous permissions. The FileProvider exploit
21    works purely via FLAG_GRANT_READ_URI_PERMISSION — a standard Android permission
22    grant mechanism that the victim app hands over voluntarily (unintentionally).
23-->
24<manifest xmlns:android="http://schemas.android.com/apk/res/android"
25    package="com.hasantuncay.mobsec.attacker"
26    android:versionCode="1"
27    android:versionName="1.0" >
28
29    <uses-sdk
29-->INJECTED
30        android:minSdkVersion="26"
30-->INJECTED
31        android:targetSdkVersion="36" />
31-->INJECTED
32
33    <!--
34      ⚠️ VULNERABLE SETUP (For educational demonstration only)
35      The attacker app requests READ_LOGS to demonstrate MASWE-0001.
36      On Android 4.1+ (API 16+), this permission is signature-level and will NOT
37      be granted automatically. It must be granted via ADB:
38      adb shell pm grant com.hasantuncay.mobsec.attacker android.permission.READ_LOGS
39    -->
40    <uses-permission android:name="android.permission.READ_LOGS" />
40-->src/main/AndroidManifest.xml:34:5-104
40-->src/main/AndroidManifest.xml:34:22-65
41
42    <permission
42-->[androidx.core:core:1.19.0] AndroidManifest.xml:22:5-24:47
43        android:name="com.hasantuncay.mobsec.attacker.DYNAMIC_RECEIVER_NOT_EXPORTED_PERMISSION"
43-->[androidx.core:core:1.19.0] AndroidManifest.xml:23:9-81
44        android:protectionLevel="signature" />
44-->[androidx.core:core:1.19.0] AndroidManifest.xml:24:9-44
45
46    <uses-permission android:name="com.hasantuncay.mobsec.attacker.DYNAMIC_RECEIVER_NOT_EXPORTED_PERMISSION" />
46-->[androidx.core:core:1.19.0] AndroidManifest.xml:26:5-97
46-->[androidx.core:core:1.19.0] AndroidManifest.xml:26:22-94
47
48    <application
48-->src/main/AndroidManifest.xml:36:5-71:19
49        android:allowBackup="true"
49-->src/main/AndroidManifest.xml:37:9-35
50        android:appComponentFactory="androidx.core.app.CoreComponentFactory"
50-->[androidx.core:core:1.19.0] AndroidManifest.xml:28:18-86
51        android:debuggable="true"
52        android:extractNativeLibs="false"
52-->INJECTED
53        android:icon="@mipmap/ic_launcher"
53-->src/main/AndroidManifest.xml:38:9-43
54        android:label="@string/app_name"
54-->src/main/AndroidManifest.xml:39:9-41
55        android:roundIcon="@mipmap/ic_launcher_round"
55-->src/main/AndroidManifest.xml:40:9-54
56        android:supportsRtl="true"
56-->src/main/AndroidManifest.xml:41:9-35
57        android:theme="@style/Theme.Attacker" >
57-->src/main/AndroidManifest.xml:42:9-46
58
59        <!-- Main launcher activity — the attacker's control panel -->
60        <activity
60-->src/main/AndroidManifest.xml:45:9-53:20
61            android:name="com.hasantuncay.mobsec.attacker.AttackerMainActivity"
61-->src/main/AndroidManifest.xml:46:13-49
62            android:exported="true"
62-->src/main/AndroidManifest.xml:47:13-36
63            android:label="@string/app_name" >
63-->src/main/AndroidManifest.xml:48:13-45
64            <intent-filter>
64-->src/main/AndroidManifest.xml:49:13-52:29
65                <action android:name="android.intent.action.MAIN" />
65-->src/main/AndroidManifest.xml:50:17-69
65-->src/main/AndroidManifest.xml:50:25-66
66
67                <category android:name="android.intent.category.LAUNCHER" />
67-->src/main/AndroidManifest.xml:51:17-77
67-->src/main/AndroidManifest.xml:51:27-74
68            </intent-filter>
69        </activity>
70
71        <!--
72            EXPLOIT RECEIVER: FileProvider content:// URI handler
73            MASWE-0002 / Vector 4
74
75            This Activity is the entry point for the FileProvider exploit.
76            When app-vulnerable triggers the FileProvider vector, it sends an
77            explicit Intent to this activity with:
78              - data = content:// URI pointing to victim's internal SharedPrefs file
79              - FLAG_GRANT_READ_URI_PERMISSION
80
81            This Activity then uses ContentResolver.openInputStream() to read
82            the victim app's sensitive file — demonstrating the real exploit path.
83
84            android:exported="true" is required for the victim app to start this
85            activity via an explicit Intent from a different process.
86        -->
87        <activity
87-->[androidx.compose.ui:ui-tooling-android:1.11.0] AndroidManifest.xml:23:9-25:39
88            android:name="androidx.compose.ui.tooling.PreviewActivity"
88-->[androidx.compose.ui:ui-tooling-android:1.11.0] AndroidManifest.xml:24:13-71
89            android:exported="true" />
89-->[androidx.compose.ui:ui-tooling-android:1.11.0] AndroidManifest.xml:25:13-36
90
91        <provider
91-->[androidx.emoji2:emoji2:1.4.0] AndroidManifest.xml:24:9-32:20
92            android:name="androidx.startup.InitializationProvider"
92-->[androidx.emoji2:emoji2:1.4.0] AndroidManifest.xml:25:13-67
93            android:authorities="com.hasantuncay.mobsec.attacker.androidx-startup"
93-->[androidx.emoji2:emoji2:1.4.0] AndroidManifest.xml:26:13-68
94            android:exported="false" >
94-->[androidx.emoji2:emoji2:1.4.0] AndroidManifest.xml:27:13-37
95            <meta-data
95-->[androidx.emoji2:emoji2:1.4.0] AndroidManifest.xml:29:13-31:52
96                android:name="androidx.emoji2.text.EmojiCompatInitializer"
96-->[androidx.emoji2:emoji2:1.4.0] AndroidManifest.xml:30:17-75
97                android:value="androidx.startup" />
97-->[androidx.emoji2:emoji2:1.4.0] AndroidManifest.xml:31:17-49
98            <meta-data
98-->[androidx.lifecycle:lifecycle-process:2.11.0] AndroidManifest.xml:29:13-31:52
99                android:name="androidx.lifecycle.ProcessLifecycleInitializer"
99-->[androidx.lifecycle:lifecycle-process:2.11.0] AndroidManifest.xml:30:17-78
100                android:value="androidx.startup" />
100-->[androidx.lifecycle:lifecycle-process:2.11.0] AndroidManifest.xml:31:17-49
101            <meta-data
101-->[androidx.profileinstaller:profileinstaller:1.4.0] AndroidManifest.xml:29:13-31:52
102                android:name="androidx.profileinstaller.ProfileInstallerInitializer"
102-->[androidx.profileinstaller:profileinstaller:1.4.0] AndroidManifest.xml:30:17-85
103                android:value="androidx.startup" />
103-->[androidx.profileinstaller:profileinstaller:1.4.0] AndroidManifest.xml:31:17-49
104        </provider>
105
106        <uses-library
106-->[androidx.window:window:1.5.0] AndroidManifest.xml:23:9-25:40
107            android:name="androidx.window.extensions"
107-->[androidx.window:window:1.5.0] AndroidManifest.xml:24:13-54
108            android:required="false" />
108-->[androidx.window:window:1.5.0] AndroidManifest.xml:25:13-37
109        <uses-library
109-->[androidx.window:window:1.5.0] AndroidManifest.xml:26:9-28:40
110            android:name="androidx.window.sidecar"
110-->[androidx.window:window:1.5.0] AndroidManifest.xml:27:13-51
111            android:required="false" />
111-->[androidx.window:window:1.5.0] AndroidManifest.xml:28:13-37
112
113        <activity
113-->[androidx.compose.ui:ui-test-manifest:1.11.0] AndroidManifest.xml:23:9-26:79
114            android:name="androidx.activity.ComponentActivity"
114-->[androidx.compose.ui:ui-test-manifest:1.11.0] AndroidManifest.xml:24:13-63
115            android:exported="true"
115-->[androidx.compose.ui:ui-test-manifest:1.11.0] AndroidManifest.xml:25:13-36
116            android:theme="@android:style/Theme.Material.Light.NoActionBar" />
116-->[androidx.compose.ui:ui-test-manifest:1.11.0] AndroidManifest.xml:26:13-76
117
118        <receiver
118-->[androidx.profileinstaller:profileinstaller:1.4.0] AndroidManifest.xml:34:9-52:20
119            android:name="androidx.profileinstaller.ProfileInstallReceiver"
119-->[androidx.profileinstaller:profileinstaller:1.4.0] AndroidManifest.xml:35:13-76
120            android:directBootAware="false"
120-->[androidx.profileinstaller:profileinstaller:1.4.0] AndroidManifest.xml:36:13-44
121            android:enabled="true"
121-->[androidx.profileinstaller:profileinstaller:1.4.0] AndroidManifest.xml:37:13-35
122            android:exported="true"
122-->[androidx.profileinstaller:profileinstaller:1.4.0] AndroidManifest.xml:38:13-36
123            android:permission="android.permission.DUMP" >
123-->[androidx.profileinstaller:profileinstaller:1.4.0] AndroidManifest.xml:39:13-57
124            <intent-filter>
124-->[androidx.profileinstaller:profileinstaller:1.4.0] AndroidManifest.xml:40:13-42:29
125                <action android:name="androidx.profileinstaller.action.INSTALL_PROFILE" />
125-->[androidx.profileinstaller:profileinstaller:1.4.0] AndroidManifest.xml:41:17-91
125-->[androidx.profileinstaller:profileinstaller:1.4.0] AndroidManifest.xml:41:25-88
126            </intent-filter>
127            <intent-filter>
127-->[androidx.profileinstaller:profileinstaller:1.4.0] AndroidManifest.xml:43:13-45:29
128                <action android:name="androidx.profileinstaller.action.SKIP_FILE" />
128-->[androidx.profileinstaller:profileinstaller:1.4.0] AndroidManifest.xml:44:17-85
128-->[androidx.profileinstaller:profileinstaller:1.4.0] AndroidManifest.xml:44:25-82
129            </intent-filter>
130            <intent-filter>
130-->[androidx.profileinstaller:profileinstaller:1.4.0] AndroidManifest.xml:46:13-48:29
131                <action android:name="androidx.profileinstaller.action.SAVE_PROFILE" />
131-->[androidx.profileinstaller:profileinstaller:1.4.0] AndroidManifest.xml:47:17-88
131-->[androidx.profileinstaller:profileinstaller:1.4.0] AndroidManifest.xml:47:25-85
132            </intent-filter>
133            <intent-filter>
133-->[androidx.profileinstaller:profileinstaller:1.4.0] AndroidManifest.xml:49:13-51:29
134                <action android:name="androidx.profileinstaller.action.BENCHMARK_OPERATION" />
134-->[androidx.profileinstaller:profileinstaller:1.4.0] AndroidManifest.xml:50:17-95
134-->[androidx.profileinstaller:profileinstaller:1.4.0] AndroidManifest.xml:50:25-92
135            </intent-filter>
136        </receiver>
137    </application>
138
139</manifest>